2025-12-08
0 08:34:04 init
1 08:34:04 checking level
2 08:34:04 skipping monitor; i === 1
3 08:34:04 (blanking)
4 08:34:04 running adb devices
5 08:34:04 XSJVHYHYVOS4TWGE	device
6 08:34:04 (blanking)
7 08:34:04 running adb battery check
8 08:34:04 LEVEL *** 59 ***
9 08:34:04 59
10 08:34:04 checking level
11 08:34:04 proc_open timeout 15 udevadm monitor -s usb t-imeout is 15
12 08:34:04 reading usb log
13 08:34:19 e-xiting m-onitorUSB()
14 08:34:19 (blanking)
15 08:34:19 running adb devices
16 08:34:19 XSJVHYHYVOS4TWGE	device
17 08:34:19 (blanking)
18 08:34:19 running adb battery check
19 08:34:19 LEVEL *** 59 ***
20 08:34:19 59
21 08:34:19 checking level
22 08:34:19 proc_open timeout 15 udevadm monitor -s usb t-imeout is 15
23 08:34:19 reading usb log
24 08:34:34 e-xiting m-onitorUSB()
25 08:34:34 (blanking)
26 08:34:34 running adb devices
27 08:34:34 XSJVHYHYVOS4TWGE	device
28 08:34:34 (blanking)
29 08:34:34 running adb battery check
30 08:34:34 LEVEL *** 59 ***
31 08:34:34 59
32 08:34:34 checking level
33 08:34:34 proc_open timeout 15 udevadm monitor -s usb t-imeout is 15
34 08:34:34 reading usb log
35 08:34:49 e-xiting m-onitorUSB()
36 08:34:49 (blanking)
37 08:34:49 running adb devices
38 08:34:49 XSJVHYHYVOS4TWGE	device
39 08:34:49 (blanking)
40 08:34:49 running adb battery check
41 08:34:49 LEVEL *** 59 ***
42 08:34:49 59
43 08:34:49 checking level
44 08:34:49 proc_open timeout 15 udevadm monitor -s usb t-imeout is 15
45 08:34:49 reading usb log
46 08:35:04 e-xiting m-onitorUSB()
47 08:35:04 (blanking)
48 08:35:04 running adb devices
49 08:35:04 XSJVHYHYVOS4TWGE	device
50 08:35:04 (blanking)
51 08:35:04 running adb battery check
52 08:35:04 LEVEL *** 59 ***
53 08:35:04 59
54 08:35:05 checking level
55 08:35:05 proc_open timeout 15 udevadm monitor -s usb t-imeout is 15
56 08:35:05 reading usb log
57 08:35:20 e-xiting m-onitorUSB()
58 08:35:20 (blanking)
59 08:35:20 running adb devices
60 08:35:20 XSJVHYHYVOS4TWGE	device
61 08:35:20 (blanking)
62 08:35:20 running adb battery check
63 08:35:20 LEVEL *** 59 ***
64 08:35:20 59
65 08:35:20 checking level
66 08:35:20 proc_open timeout 15 udevadm monitor -s usb t-imeout is 15
67 08:35:20 reading usb log
68 08:35:35 e-xiting m-onitorUSB()
69 08:35:35 (blanking)
70 08:35:35 running adb devices
71 08:35:35 XSJVHYHYVOS4TWGE	device
72 08:35:35 (blanking)
73 08:35:35 running adb battery check
74 08:35:35 LEVEL *** 59 ***
75 08:35:35 59
76 08:35:35 checking level
77 08:35:35 proc_open timeout 15 udevadm monitor -s usb t-imeout is 15
78 08:35:35 reading usb log
79 08:35:50 e-xiting m-onitorUSB()
80 08:35:50 (blanking)
81 08:35:50 running adb devices
82 08:35:50 XSJVHYHYVOS4TWGE	device
83 08:35:50 (blanking)
84 08:35:50 running adb battery check
85 08:35:50 LEVEL *** 59 ***
86 08:35:50 59
87 08:35:50 checking level
88 08:35:50 proc_open timeout 15 udevadm monitor -s usb t-imeout is 15
89 08:35:50 reading usb log
90 08:36:05 e-xiting m-onitorUSB()
91 08:36:05 (blanking)
92 08:36:05 running adb devices
93 08:36:05 XSJVHYHYVOS4TWGE	device
94 08:36:05 (blanking)
95 08:36:05 running adb battery check
96 08:36:05 LEVEL *** 59 ***
97 08:36:05 59
98 08:36:05 checking level
99 08:36:05 proc_open timeout 15 udevadm monitor -s usb t-imeout is 15
100 08:36:05 reading usb log
101 08:36:20 e-xiting m-onitorUSB()
102 08:36:20 (blanking)
103 08:36:20 running adb devices
104 08:36:20 XSJVHYHYVOS4TWGE	device
105 08:36:20 (blanking)
106 08:36:20 running adb battery check
107 08:36:20 LEVEL *** 59 ***
108 08:36:20 59
109 08:36:20 checking level
110 08:36:20 proc_open timeout 15 udevadm monitor -s usb t-imeout is 15
111 08:36:20 reading usb log
112 08:36:35 e-xiting m-onitorUSB()
113 08:36:35 (blanking)
114 08:36:35 running adb devices
115 08:36:35 XSJVHYHYVOS4TWGE	device
116 08:36:35 (blanking)
117 08:36:35 running adb battery check
118 08:36:35 LEVEL *** 59 ***
119 08:36:35 59
120 08:36:35 checking level
121 08:36:35 proc_open timeout 15 udevadm monitor -s usb t-imeout is 15
122 08:36:35 reading usb log
123 08:36:50 e-xiting m-onitorUSB()
124 08:36:50 (blanking)
125 08:36:50 running adb devices
126 08:36:50 XSJVHYHYVOS4TWGE	device
127 08:36:50 (blanking)
128 08:36:50 running adb battery check
129 08:36:50 LEVEL *** 59 ***
130 08:36:50 59
131 08:36:50 checking level
132 08:36:50 proc_open timeout 15 udevadm monitor -s usb t-imeout is 15
133 08:36:50 reading usb log
134 08:37:05 usb e xit called
135 08:37:05 (blanking)
136 08:37:05 d-stuctor calling e-xit
137 08:37:05 dup usb e-xiting call.  returning...
